<?xml version="1.0" encoding="UTF-8"?>
<!-- Generated by org.testng.reporters.JUnitReportReporter -->
<testsuite hostname="Ankit" failures="0" tests="4" name="readDataInExcel.ReadDataInExcel" time="0.077" errors="0" timestamp="2024-08-02T17:30:26 IST" skipped="0">
  <testcase classname="readDataInExcel.ReadDataInExcel" name="ReviewTestCase" time="0.017"/>
  <system-out/>
  <testcase classname="readDataInExcel.ReadDataInExcel" name="ReviewTestCase" time="0.011"/>
  <system-out/>
  <testcase classname="readDataInExcel.ReadDataInExcel" name="ReviewTestCase" time="0.041"/>
  <system-out/>
  <testcase classname="readDataInExcel.ReadDataInExcel" name="ReviewTestCase" time="0.008"/>
  <system-out/>
</testsuite> <!-- readDataInExcel.ReadDataInExcel -->
