<?xml version="1.0" encoding="UTF-8"?>
<!-- Generated by org.testng.reporters.JUnitReportReporter -->
<testsuite hostname="Ankit" failures="0" tests="1" name="testNG_Code.Demo" time="14.427" errors="0" timestamp="2024-08-06T13:44:32 IST" skipped="0">
  <testcase classname="testNG_Code.Demo" name="test" time="14.427"/>
  <system-out/>
</testsuite> <!-- testNG_Code.Demo -->
