<?xml version="1.0" encoding="UTF-8"?>
<!-- Generated by org.testng.reporters.JUnitReportReporter -->
<testsuite hostname="Ankit" failures="0" tests="1" name="pageFactory.AltoroLogin" time="10.761" errors="0" timestamp="2024-09-18T22:56:35 IST" skipped="0">
  <testcase classname="pageFactory.AltoroLogin" name="Login" time="10.761"/>
</testsuite> <!-- pageFactory.AltoroLogin -->
