<?xml version="1.0" encoding="UTF-8"?>
<!-- Generated by org.testng.reporters.JUnitReportReporter -->
<testsuite hostname="Ankit" failures="0" tests="1" name="testNG_Code.Login" time="0.047" errors="0" timestamp="2024-07-25T19:15:28 IST" skipped="0">
  <testcase classname="testNG_Code.Login" name="f" time="0.047"/>
  <system-out/>
</testsuite> <!-- testNG_Code.Login -->
