<?xml version="1.0" encoding="UTF-8"?>
<!-- Generated by org.testng.reporters.JUnitReportReporter -->
<testsuite hostname="Ankit" failures="0" tests="1" name="propertiesFile.PropertiesFile" time="81.150" errors="0" timestamp="2024-09-17T23:49:54 IST" skipped="0">
  <testcase classname="propertiesFile.PropertiesFile" name="HYRForm" time="81.150"/>
</testsuite> <!-- propertiesFile.PropertiesFile -->
