<?xml version="1.0" encoding="UTF-8"?>
<!-- Generated by org.testng.reporters.JUnitReportReporter -->
<testsuite hostname="Ankit" failures="0" tests="3" name="dataProvider.ReadDataFromDifferentClass" time="57.370" errors="0" timestamp="2024-08-07T10:57:35 IST" skipped="0">
  <testcase classname="dataProvider.ReadDataFromDifferentClass" name="Login" time="4.514"/>
  <system-out/>
  <testcase classname="dataProvider.ReadDataFromDifferentClass" name="Login" time="21.871"/>
  <system-out/>
  <testcase classname="dataProvider.ReadDataFromDifferentClass" name="Login" time="30.985"/>
  <system-out/>
</testsuite> <!-- dataProvider.ReadDataFromDifferentClass -->
