<?xml version="1.0" encoding="UTF-8"?>
<!-- Generated by org.testng.reporters.JUnitReportReporter -->
<testsuite hostname="Ankit" failures="0" tests="3" name="testNG_Code.InvocationCount" time="33.118" errors="0" timestamp="2024-08-06T22:13:35 IST" skipped="0">
  <testcase classname="testNG_Code.InvocationCount" name="invocationCountPage" time="11.502"/>
  <system-out/>
  <testcase classname="testNG_Code.InvocationCount" name="invocationCountPage" time="10.794"/>
  <system-out/>
  <testcase classname="testNG_Code.InvocationCount" name="invocationCountPage" time="10.822"/>
  <system-out/>
</testsuite> <!-- testNG_Code.InvocationCount -->
