<?xml version="1.0" encoding="UTF-8"?>
<!-- Generated by org.testng.reporters.JUnitReportReporter -->
<testsuite hostname="Ankit" failures="0" tests="1" name="loginTestAltoro.LoginTest" time="14.287" errors="0" timestamp="2024-09-18T21:27:18 IST" skipped="0">
  <testcase classname="loginTestAltoro.LoginTest" name="login" time="14.287"/>
</testsuite> <!-- loginTestAltoro.LoginTest -->
