<?xml version="1.0" encoding="UTF-8"?>
<!-- Generated by org.testng.reporters.JUnitReportReporter -->
<testsuite hostname="Ankit" failures="0" tests="3" name="readDataFromDataProvider.ReadDataFromDifferentClass" time="25.021" errors="0" timestamp="2024-08-07T10:35:28 IST" skipped="0">
  <testcase classname="readDataFromDataProvider.ReadDataFromDifferentClass" name="Login" time="7.167"/>
  <system-out/>
  <testcase classname="readDataFromDataProvider.ReadDataFromDifferentClass" name="Login" time="6.758"/>
  <system-out/>
  <testcase classname="readDataFromDataProvider.ReadDataFromDifferentClass" name="Login" time="11.096"/>
  <system-out/>
</testsuite> <!-- readDataFromDataProvider.ReadDataFromDifferentClass -->
