<?xml version="1.0" encoding="UTF-8"?>
<!-- Generated by org.testng.reporters.JUnitReportReporter -->
<testsuite hostname="Ankit" failures="0" tests="5" name="testNG_Code.AutomationTesting" time="1.138" errors="0" timestamp="2024-07-28T10:26:45 IST" skipped="0">
  <testcase classname="testNG_Code.AutomationTesting" name="colors" time="0.051"/>
  <system-out/>
  <testcase classname="testNG_Code.AutomationTesting" name="Days" time="0.184"/>
  <system-out/>
  <testcase classname="testNG_Code.AutomationTesting" name="Country" time="0.496"/>
  <system-out/>
  <testcase classname="testNG_Code.AutomationTesting" name="UserDetails" time="0.371"/>
  <system-out/>
  <testcase classname="testNG_Code.AutomationTesting" name="Gender" time="0.036"/>
  <system-out/>
</testsuite> <!-- testNG_Code.AutomationTesting -->
