<?xml version="1.0" encoding="UTF-8"?>
<!-- Generated by org.testng.reporters.JUnitReportReporter -->
<testsuite hostname="Ankit" failures="0" tests="4" name="testNG_Code.AltoroLogin" time="1.718" errors="0" timestamp="2024-07-27T22:37:56 IST" skipped="0">
  <testcase classname="testNG_Code.AltoroLogin" name="VerifyHelloMessage" time="0.101"/>
  <system-out/>
  <testcase classname="testNG_Code.AltoroLogin" name="VerifyUrl" time="0.029"/>
  <system-out/>
  <testcase classname="testNG_Code.AltoroLogin" name="Login" time="1.476"/>
  <system-out/>
  <testcase classname="testNG_Code.AltoroLogin" name="WordMatch" time="0.112"/>
  <system-out/>
</testsuite> <!-- testNG_Code.AltoroLogin -->
